<?xml version="1.0" encoding="UTF-8" ?>
<testsuite tests="4" failures="0" name="dev.wladpr.island.IslandTest" time="0" errors="0" skipped="0">
  <properties>
[...]
</properties>
  <testcase classname="dev.wladpr.island.IslandTest" name="testRemoveAnimal" time="0"/>
  <testcase classname="dev.wladpr.island.IslandTest" name="testPrintGeographicalFeatureInfo" time="0"/>
  <testcase classname="dev.wladpr.island.IslandTest" name="testPrintAnimalInfo" time="0"/>
  <testcase classname="dev.wladpr.island.IslandTest" name="testAddAnimal" time="0"/>
</testsuite>